<?xml version="1.0" encoding="UTF-8"?>
<!-- Generated by org.testng.reporters.JUnitXMLReporter -->
<testsuite hostname="BLR145CG9332CJC" ignored="0" name="Free CRM App Test Cases" tests="11" failures="0" timestamp="15 Sep 2021 18:29:05 GMT" time="180.691" errors="0">
  <testcase name="LoginPageTitleTest" time="0.048" classname="com.crm.qa.tests.LogInPageTest"/>
  <testcase name="Verify_HomePageTitleTest" time="0.015" classname="com.crm.qa.tests.HomePageTest"/>
  <testcase name="Verify_ContactPageLabelTest" time="0.06" classname="com.crm.qa.tests.ContactsPageTest"/>
  <testcase name="CRMLogoImageTest" time="0.103" classname="com.crm.qa.tests.LogInPageTest"/>
  <testcase name="Verify_UserNameTest" time="0.164" classname="com.crm.qa.tests.HomePageTest"/>
  <testcase name="SelectContactTest" time="0.121" classname="com.crm.qa.tests.ContactsPageTest"/>
  <testcase name="LoginTest" time="5.068" classname="com.crm.qa.tests.LogInPageTest"/>
  <testcase name="VerifyContactsTest" time="1.372" classname="com.crm.qa.tests.HomePageTest"/>
  <testcase name="Validate_CreateNewContact" time="10.238" classname="com.crm.qa.tests.ContactsPageTest"/>
  <testcase name="Validate_CreateNewContact" time="10.179" classname="com.crm.qa.tests.ContactsPageTest"/>
  <testcase name="Validate_CreateNewContact" time="9.169" classname="com.crm.qa.tests.ContactsPageTest"/>
</testsuite> <!-- Free CRM App Test Cases -->
