<?xml version="1.0" encoding="UTF-8"?>
<!-- Generated by org.testng.reporters.JUnitXMLReporter -->
<testsuite hostname="BLR145CG9332CJC" ignored="0" name="Default test" tests="3" failures="0" timestamp="18 Sep 2021 17:21:09 GMT" time="38.664" errors="0">
  <testcase name="LoginPageTitleTest" time="0.031" classname="com.crm.qa.tests.LogInPageTest"/>
  <testcase name="CRMLogoImageTest" time="0.145" classname="com.crm.qa.tests.LogInPageTest"/>
  <testcase name="LoginTest" time="5.722" classname="com.crm.qa.tests.LogInPageTest"/>
</testsuite> <!-- Default test -->
