<?xml version="1.0" encoding="UTF-8"?>
<testng-results skipped="0" failed="0" ignored="0" total="3" passed="3">
  <reporter-output>
  </reporter-output>
  <suite name="Default suite" duration-ms="38664" started-at="2021-09-18T17:20:30Z" finished-at="2021-09-18T17:21:09Z">
    <groups>
    </groups>
    <test name="Default test" duration-ms="38664" started-at="2021-09-18T17:20:30Z" finished-at="2021-09-18T17:21:09Z">
      <class name="com.crm.qa.tests.LogInPageTest">
        <test-method status="PASS" signature="SetUp()[pri:0, instance:com.crm.qa.tests.LogInPageTest@21213b92]" name="SetUp" is-config="true" duration-ms="12196" started-at="2021-09-18T22:50:30Z" finished-at="2021-09-18T22:50:43Z">
          <reporter-output>
          </reporter-output>
        </test-method> <!-- SetUp -->
        <test-method status="PASS" signature="LoginPageTitleTest()[pri:1, instance:com.crm.qa.tests.LogInPageTest@21213b92]" name="LoginPageTitleTest" duration-ms="31" started-at="2021-09-18T22:50:43Z" finished-at="2021-09-18T22:50:43Z">
          <reporter-output>
          </reporter-output>
        </test-method> <!-- LoginPageTitleTest -->
        <test-method status="PASS" signature="tearDown()[pri:0, instance:com.crm.qa.tests.LogInPageTest@21213b92]" name="tearDown" is-config="true" duration-ms="759" started-at="2021-09-18T22:50:43Z" finished-at="2021-09-18T22:50:43Z">
          <reporter-output>
          </reporter-output>
        </test-method> <!-- tearDown -->
        <test-method status="PASS" signature="SetUp()[pri:0, instance:com.crm.qa.tests.LogInPageTest@21213b92]" name="SetUp" is-config="true" duration-ms="6640" started-at="2021-09-18T22:50:43Z" finished-at="2021-09-18T22:50:50Z">
          <reporter-output>
          </reporter-output>
        </test-method> <!-- SetUp -->
        <test-method status="PASS" signature="CRMLogoImageTest()[pri:2, instance:com.crm.qa.tests.LogInPageTest@21213b92]" name="CRMLogoImageTest" duration-ms="145" started-at="2021-09-18T22:50:50Z" finished-at="2021-09-18T22:50:50Z">
          <reporter-output>
          </reporter-output>
        </test-method> <!-- CRMLogoImageTest -->
        <test-method status="PASS" signature="tearDown()[pri:0, instance:com.crm.qa.tests.LogInPageTest@21213b92]" name="tearDown" is-config="true" duration-ms="738" started-at="2021-09-18T22:50:50Z" finished-at="2021-09-18T22:50:51Z">
          <reporter-output>
          </reporter-output>
        </test-method> <!-- tearDown -->
        <test-method status="PASS" signature="SetUp()[pri:0, instance:com.crm.qa.tests.LogInPageTest@21213b92]" name="SetUp" is-config="true" duration-ms="11593" started-at="2021-09-18T22:50:51Z" finished-at="2021-09-18T22:51:02Z">
          <reporter-output>
          </reporter-output>
        </test-method> <!-- SetUp -->
        <test-method status="PASS" signature="LoginTest()[pri:3, instance:com.crm.qa.tests.LogInPageTest@21213b92]" name="LoginTest" duration-ms="5722" started-at="2021-09-18T22:51:02Z" finished-at="2021-09-18T22:51:08Z">
          <reporter-output>
          </reporter-output>
        </test-method> <!-- LoginTest -->
        <test-method status="PASS" signature="tearDown()[pri:0, instance:com.crm.qa.tests.LogInPageTest@21213b92]" name="tearDown" is-config="true" duration-ms="776" started-at="2021-09-18T22:51:08Z" finished-at="2021-09-18T22:51:09Z">
          <reporter-output>
          </reporter-output>
        </test-method> <!-- tearDown -->
      </class> <!-- com.crm.qa.tests.LogInPageTest -->
    </test> <!-- Default test -->
  </suite> <!-- Default suite -->
</testng-results>
